2024-03-15T09:32:01.155+09:00  INFO 6856 --- [ch10] [restartedMain] kr.co.ch10.Ch10Application               : Starting Ch10Application using Java 21.0.1 with PID 6856 (C:\Users\java\Desktop\WorkSpace\Spring\ch10\build\classes\java\main started by java in C:\Users\java\Desktop\WorkSpace\Spring\ch10)
2024-03-15T09:32:01.157+09:00  INFO 6856 --- [ch10] [restartedMain] kr.co.ch10.Ch10Application               : No active profile set, falling back to 1 default profile: "default"
2024-03-15T09:32:01.200+09:00  INFO 6856 --- [ch10] [restartedMain] .e.DevToolsPropertyDefaultsPostProcessor : Devtools property defaults active! Set 'spring.devtools.add-properties' to 'false' to disable
2024-03-15T09:32:01.200+09:00  INFO 6856 --- [ch10] [restartedMain] .e.DevToolsPropertyDefaultsPostProcessor : For additional web related logging consider setting the 'logging.level.web' property to 'DEBUG'
2024-03-15T09:32:01.604+09:00  INFO 6856 --- [ch10] [restartedMain] .s.d.r.c.RepositoryConfigurationDelegate : Bootstrapping Spring Data JPA repositories in DEFAULT mode.
2024-03-15T09:32:01.618+09:00  INFO 6856 --- [ch10] [restartedMain] .s.d.r.c.RepositoryConfigurationDelegate : Finished Spring Data repository scanning in 9 ms. Found 0 JPA repository interfaces.
2024-03-15T09:32:01.971+09:00  INFO 6856 --- [ch10] [restartedMain] o.s.b.w.embedded.tomcat.TomcatWebServer  : Tomcat initialized with port 8080 (http)
2024-03-15T09:32:01.978+09:00  INFO 6856 --- [ch10] [restartedMain] o.apache.catalina.core.StandardService   : Starting service [Tomcat]
2024-03-15T09:32:01.979+09:00  INFO 6856 --- [ch10] [restartedMain] o.apache.catalina.core.StandardEngine    : Starting Servlet engine: [Apache Tomcat/10.1.19]
2024-03-15T09:32:02.004+09:00  INFO 6856 --- [ch10] [restartedMain] o.a.c.c.C.[Tomcat].[localhost].[/ch10]   : Initializing Spring embedded WebApplicationContext
2024-03-15T09:32:02.005+09:00  INFO 6856 --- [ch10] [restartedMain] w.s.c.ServletWebServerApplicationContext : Root WebApplicationContext: initialization completed in 804 ms
2024-03-15T09:32:02.099+09:00  INFO 6856 --- [ch10] [restartedMain] o.hibernate.jpa.internal.util.LogHelper  : HHH000204: Processing PersistenceUnitInfo [name: default]
2024-03-15T09:32:02.134+09:00  INFO 6856 --- [ch10] [restartedMain] org.hibernate.Version                    : HHH000412: Hibernate ORM core version 6.4.4.Final
2024-03-15T09:32:02.153+09:00  INFO 6856 --- [ch10] [restartedMain] o.h.c.internal.RegionFactoryInitiator    : HHH000026: Second-level cache disabled
2024-03-15T09:32:02.315+09:00  INFO 6856 --- [ch10] [restartedMain] o.s.o.j.p.SpringPersistenceUnitInfo      : No LoadTimeWeaver setup: ignoring JPA class transformer
2024-03-15T09:32:02.332+09:00  INFO 6856 --- [ch10] [restartedMain] com.zaxxer.hikari.HikariDataSource       : HikariPool-1 - Starting...
2024-03-15T09:32:02.517+09:00  INFO 6856 --- [ch10] [restartedMain] com.zaxxer.hikari.pool.HikariPool        : HikariPool-1 - Added connection com.mysql.cj.jdbc.ConnectionImpl@64995821
2024-03-15T09:32:02.518+09:00  INFO 6856 --- [ch10] [restartedMain] com.zaxxer.hikari.HikariDataSource       : HikariPool-1 - Start completed.
2024-03-15T09:32:02.561+09:00  WARN 6856 --- [ch10] [restartedMain] org.hibernate.orm.deprecation            : HHH90000025: MySQLDialect does not need to be specified explicitly using 'hibernate.dialect' (remove the property setting and it will be selected by default)
2024-03-15T09:32:02.753+09:00  INFO 6856 --- [ch10] [restartedMain] o.h.e.t.j.p.i.JtaPlatformInitiator       : HHH000489: No JTA platform available (set 'hibernate.transaction.jta.platform' to enable JTA platform integration)
2024-03-15T09:32:02.757+09:00  INFO 6856 --- [ch10] [restartedMain] j.LocalContainerEntityManagerFactoryBean : Initialized JPA EntityManagerFactory for persistence unit 'default'
2024-03-15T09:32:02.788+09:00  WARN 6856 --- [ch10] [restartedMain] JpaBaseConfiguration$JpaWebConfiguration : spring.jpa.open-in-view is enabled by default. Therefore, database queries may be performed during view rendering. Explicitly configure spring.jpa.open-in-view to disable this warning
2024-03-15T09:32:02.806+09:00  INFO 6856 --- [ch10] [restartedMain] o.s.b.a.w.s.WelcomePageHandlerMapping    : Adding welcome page template: index
2024-03-15T09:32:03.011+09:00  WARN 6856 --- [ch10] [restartedMain] .s.s.UserDetailsServiceAutoConfiguration : 

Using generated security password: 1f57546b-dc45-47c3-a0aa-8c744167ff23

This generated password is for development use only. Your security configuration must be updated before running your application in production.

2024-03-15T09:32:03.076+09:00  INFO 6856 --- [ch10] [restartedMain] o.s.s.web.DefaultSecurityFilterChain     : Will secure any request with [org.springframework.security.web.session.DisableEncodeUrlFilter@5c0037d6, org.springframework.security.web.context.request.async.WebAsyncManagerIntegrationFilter@302727c4, org.springframework.security.web.context.SecurityContextHolderFilter@5507e58, org.springframework.security.web.header.HeaderWriterFilter@60bcd1d1, org.springframework.web.filter.CorsFilter@66b10db2, org.springframework.security.web.csrf.CsrfFilter@13edffd1, org.springframework.security.web.authentication.logout.LogoutFilter@74d76467, org.springframework.security.web.authentication.UsernamePasswordAuthenticationFilter@946be72, org.springframework.security.web.authentication.ui.DefaultLoginPageGeneratingFilter@6b3e4e2c, org.springframework.security.web.authentication.ui.DefaultLogoutPageGeneratingFilter@4b18cb6e, org.springframework.security.web.authentication.www.BasicAuthenticationFilter@26495052, org.springframework.security.web.savedrequest.RequestCacheAwareFilter@5d045ae3, org.springframework.security.web.servletapi.SecurityContextHolderAwareRequestFilter@17a897a1, org.springframework.security.web.authentication.AnonymousAuthenticationFilter@167bfb5c, org.springframework.security.web.access.ExceptionTranslationFilter@55fac57d, org.springframework.security.web.access.intercept.AuthorizationFilter@5890e312]
2024-03-15T09:32:03.101+09:00  INFO 6856 --- [ch10] [restartedMain] o.s.b.d.a.OptionalLiveReloadServer       : LiveReload server is running on port 35729
2024-03-15T09:32:03.117+09:00  INFO 6856 --- [ch10] [restartedMain] o.s.b.w.embedded.tomcat.TomcatWebServer  : Tomcat started on port 8080 (http) with context path '/ch10'
2024-03-15T09:32:03.121+09:00  INFO 6856 --- [ch10] [restartedMain] kr.co.ch10.Ch10Application               : Started Ch10Application in 2.246 seconds (process running for 2.666)
2024-03-15T09:32:15.970+09:00  INFO 6856 --- [ch10] [http-nio-8080-exec-4] o.a.c.c.C.[Tomcat].[localhost].[/ch10]   : Initializing Spring DispatcherServlet 'dispatcherServlet'
2024-03-15T09:32:15.970+09:00  INFO 6856 --- [ch10] [http-nio-8080-exec-4] o.s.web.servlet.DispatcherServlet        : Initializing Servlet 'dispatcherServlet'
2024-03-15T09:32:15.971+09:00  INFO 6856 --- [ch10] [http-nio-8080-exec-4] o.s.web.servlet.DispatcherServlet        : Completed initialization in 1 ms
2024-03-15T09:34:15.991+09:00  INFO 6856 --- [ch10] [File Watcher] rtingClassPathChangeChangedEventListener : Restarting due to 9 class path changes (9 additions, 0 deletions, 0 modifications)
2024-03-15T09:34:15.999+09:00  INFO 6856 --- [ch10] [Thread-5] j.LocalContainerEntityManagerFactoryBean : Closing JPA EntityManagerFactory for persistence unit 'default'
2024-03-15T09:34:16.001+09:00  INFO 6856 --- [ch10] [Thread-5] com.zaxxer.hikari.HikariDataSource       : HikariPool-1 - Shutdown initiated...
2024-03-15T09:34:16.004+09:00  INFO 6856 --- [ch10] [Thread-5] com.zaxxer.hikari.HikariDataSource       : HikariPool-1 - Shutdown completed.
2024-03-15T09:34:16.047+09:00  INFO 6856 --- [ch10] [restartedMain] kr.co.ch10.Ch10Application               : Starting Ch10Application using Java 21.0.1 with PID 6856 (C:\Users\java\Desktop\WorkSpace\Spring\ch10\build\classes\java\main started by java in C:\Users\java\Desktop\WorkSpace\Spring\ch10)
2024-03-15T09:34:16.048+09:00  INFO 6856 --- [ch10] [restartedMain] kr.co.ch10.Ch10Application               : No active profile set, falling back to 1 default profile: "default"
2024-03-15T09:34:16.128+09:00  INFO 6856 --- [ch10] [restartedMain] .s.d.r.c.RepositoryConfigurationDelegate : Bootstrapping Spring Data JPA repositories in DEFAULT mode.
2024-03-15T09:34:16.141+09:00  INFO 6856 --- [ch10] [restartedMain] .s.d.r.c.RepositoryConfigurationDelegate : Finished Spring Data repository scanning in 13 ms. Found 1 JPA repository interface.
2024-03-15T09:34:16.202+09:00  INFO 6856 --- [ch10] [restartedMain] o.s.b.w.embedded.tomcat.TomcatWebServer  : Tomcat initialized with port 8080 (http)
2024-03-15T09:34:16.202+09:00  INFO 6856 --- [ch10] [restartedMain] o.apache.catalina.core.StandardService   : Starting service [Tomcat]
2024-03-15T09:34:16.202+09:00  INFO 6856 --- [ch10] [restartedMain] o.apache.catalina.core.StandardEngine    : Starting Servlet engine: [Apache Tomcat/10.1.19]
2024-03-15T09:34:16.210+09:00  INFO 6856 --- [ch10] [restartedMain] o.a.c.c.C.[Tomcat].[localhost].[/ch10]   : Initializing Spring embedded WebApplicationContext
2024-03-15T09:34:16.210+09:00  INFO 6856 --- [ch10] [restartedMain] w.s.c.ServletWebServerApplicationContext : Root WebApplicationContext: initialization completed in 161 ms
2024-03-15T09:34:16.230+09:00  INFO 6856 --- [ch10] [restartedMain] o.hibernate.jpa.internal.util.LogHelper  : HHH000204: Processing PersistenceUnitInfo [name: default]
2024-03-15T09:34:16.231+09:00  INFO 6856 --- [ch10] [restartedMain] o.h.c.internal.RegionFactoryInitiator    : HHH000026: Second-level cache disabled
2024-03-15T09:34:16.234+09:00  INFO 6856 --- [ch10] [restartedMain] o.s.o.j.p.SpringPersistenceUnitInfo      : No LoadTimeWeaver setup: ignoring JPA class transformer
2024-03-15T09:34:16.234+09:00  INFO 6856 --- [ch10] [restartedMain] com.zaxxer.hikari.HikariDataSource       : HikariPool-2 - Starting...
2024-03-15T09:34:16.242+09:00  INFO 6856 --- [ch10] [restartedMain] com.zaxxer.hikari.pool.HikariPool        : HikariPool-2 - Added connection com.mysql.cj.jdbc.ConnectionImpl@1e00119a
2024-03-15T09:34:16.242+09:00  INFO 6856 --- [ch10] [restartedMain] com.zaxxer.hikari.HikariDataSource       : HikariPool-2 - Start completed.
2024-03-15T09:34:16.242+09:00  WARN 6856 --- [ch10] [restartedMain] org.hibernate.orm.deprecation            : HHH90000025: MySQLDialect does not need to be specified explicitly using 'hibernate.dialect' (remove the property setting and it will be selected by default)
2024-03-15T09:34:16.513+09:00  INFO 6856 --- [ch10] [restartedMain] o.h.e.t.j.p.i.JtaPlatformInitiator       : HHH000489: No JTA platform available (set 'hibernate.transaction.jta.platform' to enable JTA platform integration)
2024-03-15T09:34:16.547+09:00  INFO 6856 --- [ch10] [restartedMain] j.LocalContainerEntityManagerFactoryBean : Initialized JPA EntityManagerFactory for persistence unit 'default'
2024-03-15T09:34:16.665+09:00  WARN 6856 --- [ch10] [restartedMain] JpaBaseConfiguration$JpaWebConfiguration : spring.jpa.open-in-view is enabled by default. Therefore, database queries may be performed during view rendering. Explicitly configure spring.jpa.open-in-view to disable this warning
2024-03-15T09:34:16.674+09:00  INFO 6856 --- [ch10] [restartedMain] o.s.b.a.w.s.WelcomePageHandlerMapping    : Adding welcome page template: index
2024-03-15T09:34:16.700+09:00  INFO 6856 --- [ch10] [restartedMain] o.s.s.web.DefaultSecurityFilterChain     : Will secure any request with [org.springframework.security.web.session.DisableEncodeUrlFilter@56f70dd6, org.springframework.security.web.context.request.async.WebAsyncManagerIntegrationFilter@611071e9, org.springframework.security.web.context.SecurityContextHolderFilter@1e2097f9, org.springframework.security.web.header.HeaderWriterFilter@4945c9d5, org.springframework.web.filter.CorsFilter@48a43419, org.springframework.security.web.authentication.logout.LogoutFilter@60f62ace, org.springframework.security.web.authentication.UsernamePasswordAuthenticationFilter@3268ed7, org.springframework.security.web.savedrequest.RequestCacheAwareFilter@38eb6b0c, org.springframework.security.web.servletapi.SecurityContextHolderAwareRequestFilter@1d9f8c31, org.springframework.security.web.authentication.AnonymousAuthenticationFilter@782fe158, org.springframework.security.web.access.ExceptionTranslationFilter@4c9d3991, org.springframework.security.web.access.intercept.AuthorizationFilter@706e7a2]
2024-03-15T09:34:16.735+09:00  INFO 6856 --- [ch10] [restartedMain] o.s.b.d.a.OptionalLiveReloadServer       : LiveReload server is running on port 35729
2024-03-15T09:34:16.741+09:00  INFO 6856 --- [ch10] [restartedMain] o.s.b.w.embedded.tomcat.TomcatWebServer  : Tomcat started on port 8080 (http) with context path '/ch10'
2024-03-15T09:34:16.743+09:00  INFO 6856 --- [ch10] [restartedMain] kr.co.ch10.Ch10Application               : Started Ch10Application in 0.709 seconds (process running for 136.288)
2024-03-15T09:34:16.745+09:00  INFO 6856 --- [ch10] [SpringApplicationShutdownHook] j.LocalContainerEntityManagerFactoryBean : Closing JPA EntityManagerFactory for persistence unit 'default'
2024-03-15T09:34:16.745+09:00  INFO 6856 --- [ch10] [restartedMain] .ConditionEvaluationDeltaLoggingListener : Condition evaluation delta:


==========================
CONDITION EVALUATION DELTA
==========================


Positive matches:
-----------------

    None


Negative matches:
-----------------

   SpringBootWebSecurityConfiguration.SecurityFilterChainConfiguration:
      Did not match:
         - AllNestedConditions 1 matched 1 did not; NestedCondition on DefaultWebSecurityCondition.Beans @ConditionalOnMissingBean (types: org.springframework.security.web.SecurityFilterChain; SearchStrategy: all) found beans of type 'org.springframework.security.web.SecurityFilterChain' filterChain; NestedCondition on DefaultWebSecurityCondition.Classes @ConditionalOnClass found required classes 'org.springframework.security.web.SecurityFilterChain', 'org.springframework.security.config.annotation.web.builders.HttpSecurity' (DefaultWebSecurityCondition)

   UserDetailsServiceAutoConfiguration:
      Did not match:
         - @ConditionalOnMissingBean (types: org.springframework.security.authentication.AuthenticationManager,org.springframework.security.authentication.AuthenticationProvider,org.springframework.security.core.userdetails.UserDetailsService,org.springframework.security.authentication.AuthenticationManagerResolver,org.springframework.security.oauth2.jwt.JwtDecoder; SearchStrategy: all) found beans of type 'org.springframework.security.core.userdetails.UserDetailsService' securityUserService (OnBeanCondition)
      Matched:
         - @ConditionalOnClass found required class 'org.springframework.security.authentication.AuthenticationManager' (OnClassCondition)
         - AnyNestedCondition 1 matched 2 did not; NestedCondition on UserDetailsServiceAutoConfiguration.MissingAlternativeOrUserPropertiesConfigured.PasswordConfigured @ConditionalOnProperty (spring.security.user.password) did not find property 'password'; NestedCondition on UserDetailsServiceAutoConfiguration.MissingAlternativeOrUserPropertiesConfigured.NameConfigured @ConditionalOnProperty (spring.security.user.name) did not find property 'name'; NestedCondition on UserDetailsServiceAutoConfiguration.MissingAlternativeOrUserPropertiesConfigured.MissingAlternative @ConditionalOnMissingClass did not find unwanted classes 'org.springframework.security.oauth2.client.registration.ClientRegistrationRepository', 'org.springframework.security.oauth2.server.resource.introspection.OpaqueTokenIntrospector', 'org.springframework.security.saml2.provider.service.registration.RelyingPartyRegistrationRepository' (UserDetailsServiceAutoConfiguration.MissingAlternativeOrUserPropertiesConfigured)


Exclusions:
-----------

    None


Unconditional classes:
----------------------

    None



2024-03-15T09:34:16.745+09:00  INFO 6856 --- [ch10] [SpringApplicationShutdownHook] com.zaxxer.hikari.HikariDataSource       : HikariPool-2 - Shutdown initiated...
2024-03-15T09:34:16.747+09:00  INFO 6856 --- [ch10] [SpringApplicationShutdownHook] com.zaxxer.hikari.HikariDataSource       : HikariPool-2 - Shutdown completed.
2024-03-15T09:34:18.085+09:00  INFO 13136 --- [ch10] [restartedMain] kr.co.ch10.Ch10Application               : Starting Ch10Application using Java 21.0.1 with PID 13136 (C:\Users\java\Desktop\WorkSpace\Spring\ch10\build\classes\java\main started by java in C:\Users\java\Desktop\WorkSpace\Spring\ch10)
2024-03-15T09:34:18.086+09:00  INFO 13136 --- [ch10] [restartedMain] kr.co.ch10.Ch10Application               : No active profile set, falling back to 1 default profile: "default"
2024-03-15T09:34:18.108+09:00  INFO 13136 --- [ch10] [restartedMain] .e.DevToolsPropertyDefaultsPostProcessor : Devtools property defaults active! Set 'spring.devtools.add-properties' to 'false' to disable
2024-03-15T09:34:18.108+09:00  INFO 13136 --- [ch10] [restartedMain] .e.DevToolsPropertyDefaultsPostProcessor : For additional web related logging consider setting the 'logging.level.web' property to 'DEBUG'
2024-03-15T09:34:18.429+09:00  INFO 13136 --- [ch10] [restartedMain] .s.d.r.c.RepositoryConfigurationDelegate : Bootstrapping Spring Data JPA repositories in DEFAULT mode.
2024-03-15T09:34:18.453+09:00  INFO 13136 --- [ch10] [restartedMain] .s.d.r.c.RepositoryConfigurationDelegate : Finished Spring Data repository scanning in 20 ms. Found 1 JPA repository interface.
2024-03-15T09:34:18.720+09:00  INFO 13136 --- [ch10] [restartedMain] o.s.b.w.embedded.tomcat.TomcatWebServer  : Tomcat initialized with port 8080 (http)
2024-03-15T09:34:18.726+09:00  INFO 13136 --- [ch10] [restartedMain] o.apache.catalina.core.StandardService   : Starting service [Tomcat]
2024-03-15T09:34:18.726+09:00  INFO 13136 --- [ch10] [restartedMain] o.apache.catalina.core.StandardEngine    : Starting Servlet engine: [Apache Tomcat/10.1.19]
2024-03-15T09:34:18.748+09:00  INFO 13136 --- [ch10] [restartedMain] o.a.c.c.C.[Tomcat].[localhost].[/ch10]   : Initializing Spring embedded WebApplicationContext
2024-03-15T09:34:18.748+09:00  INFO 13136 --- [ch10] [restartedMain] w.s.c.ServletWebServerApplicationContext : Root WebApplicationContext: initialization completed in 640 ms
2024-03-15T09:34:18.829+09:00  INFO 13136 --- [ch10] [restartedMain] o.hibernate.jpa.internal.util.LogHelper  : HHH000204: Processing PersistenceUnitInfo [name: default]
2024-03-15T09:34:18.851+09:00  INFO 13136 --- [ch10] [restartedMain] org.hibernate.Version                    : HHH000412: Hibernate ORM core version 6.4.4.Final
2024-03-15T09:34:18.865+09:00  INFO 13136 --- [ch10] [restartedMain] o.h.c.internal.RegionFactoryInitiator    : HHH000026: Second-level cache disabled
2024-03-15T09:34:18.986+09:00  INFO 13136 --- [ch10] [restartedMain] o.s.o.j.p.SpringPersistenceUnitInfo      : No LoadTimeWeaver setup: ignoring JPA class transformer
2024-03-15T09:34:18.999+09:00  INFO 13136 --- [ch10] [restartedMain] com.zaxxer.hikari.HikariDataSource       : HikariPool-1 - Starting...
2024-03-15T09:34:19.151+09:00  INFO 13136 --- [ch10] [restartedMain] com.zaxxer.hikari.pool.HikariPool        : HikariPool-1 - Added connection com.mysql.cj.jdbc.ConnectionImpl@46c8590f
2024-03-15T09:34:19.152+09:00  INFO 13136 --- [ch10] [restartedMain] com.zaxxer.hikari.HikariDataSource       : HikariPool-1 - Start completed.
2024-03-15T09:34:19.176+09:00  WARN 13136 --- [ch10] [restartedMain] org.hibernate.orm.deprecation            : HHH90000025: MySQLDialect does not need to be specified explicitly using 'hibernate.dialect' (remove the property setting and it will be selected by default)
2024-03-15T09:34:19.578+09:00  INFO 13136 --- [ch10] [restartedMain] o.h.e.t.j.p.i.JtaPlatformInitiator       : HHH000489: No JTA platform available (set 'hibernate.transaction.jta.platform' to enable JTA platform integration)
2024-03-15T09:34:19.603+09:00  INFO 13136 --- [ch10] [restartedMain] j.LocalContainerEntityManagerFactoryBean : Initialized JPA EntityManagerFactory for persistence unit 'default'
2024-03-15T09:34:19.729+09:00  WARN 13136 --- [ch10] [restartedMain] JpaBaseConfiguration$JpaWebConfiguration : spring.jpa.open-in-view is enabled by default. Therefore, database queries may be performed during view rendering. Explicitly configure spring.jpa.open-in-view to disable this warning
2024-03-15T09:34:19.784+09:00  INFO 13136 --- [ch10] [restartedMain] o.s.b.a.w.s.WelcomePageHandlerMapping    : Adding welcome page template: index
2024-03-15T09:34:19.860+09:00  INFO 13136 --- [ch10] [restartedMain] o.s.s.web.DefaultSecurityFilterChain     : Will secure any request with [org.springframework.security.web.session.DisableEncodeUrlFilter@5bb07e68, org.springframework.security.web.context.request.async.WebAsyncManagerIntegrationFilter@295fa4a4, org.springframework.security.web.context.SecurityContextHolderFilter@681da45, org.springframework.security.web.header.HeaderWriterFilter@4137b5a7, org.springframework.web.filter.CorsFilter@1601031e, org.springframework.security.web.authentication.logout.LogoutFilter@3ad27cd1, org.springframework.security.web.authentication.UsernamePasswordAuthenticationFilter@2c17841f, org.springframework.security.web.savedrequest.RequestCacheAwareFilter@2de90795, org.springframework.security.web.servletapi.SecurityContextHolderAwareRequestFilter@12b42bd9, org.springframework.security.web.authentication.AnonymousAuthenticationFilter@71fc730c, org.springframework.security.web.access.ExceptionTranslationFilter@6a211857, org.springframework.security.web.access.intercept.AuthorizationFilter@57eec66]
2024-03-15T09:34:19.973+09:00  INFO 13136 --- [ch10] [restartedMain] o.s.b.d.a.OptionalLiveReloadServer       : LiveReload server is running on port 35729
2024-03-15T09:34:19.991+09:00  INFO 13136 --- [ch10] [restartedMain] o.s.b.w.embedded.tomcat.TomcatWebServer  : Tomcat started on port 8080 (http) with context path '/ch10'
2024-03-15T09:34:19.995+09:00  INFO 13136 --- [ch10] [restartedMain] kr.co.ch10.Ch10Application               : Started Ch10Application in 2.111 seconds (process running for 2.428)
2024-03-15T09:34:24.541+09:00  INFO 13136 --- [ch10] [http-nio-8080-exec-1] o.a.c.c.C.[Tomcat].[localhost].[/ch10]   : Initializing Spring DispatcherServlet 'dispatcherServlet'
2024-03-15T09:34:24.541+09:00  INFO 13136 --- [ch10] [http-nio-8080-exec-1] o.s.web.servlet.DispatcherServlet        : Initializing Servlet 'dispatcherServlet'
2024-03-15T09:34:24.542+09:00  INFO 13136 --- [ch10] [http-nio-8080-exec-1] o.s.web.servlet.DispatcherServlet        : Completed initialization in 1 ms
2024-03-15T09:43:41.197+09:00  INFO 13136 --- [ch10] [File Watcher] rtingClassPathChangeChangedEventListener : Restarting due to 1 class path change (0 additions, 0 deletions, 1 modification)
2024-03-15T09:43:41.205+09:00  INFO 13136 --- [ch10] [Thread-5] j.LocalContainerEntityManagerFactoryBean : Closing JPA EntityManagerFactory for persistence unit 'default'
2024-03-15T09:43:41.207+09:00  INFO 13136 --- [ch10] [Thread-5] com.zaxxer.hikari.HikariDataSource       : HikariPool-1 - Shutdown initiated...
2024-03-15T09:43:41.211+09:00  INFO 13136 --- [ch10] [Thread-5] com.zaxxer.hikari.HikariDataSource       : HikariPool-1 - Shutdown completed.
2024-03-15T09:43:41.252+09:00  INFO 13136 --- [ch10] [restartedMain] kr.co.ch10.Ch10Application               : Starting Ch10Application using Java 21.0.1 with PID 13136 (C:\Users\java\Desktop\WorkSpace\Spring\ch10\build\classes\java\main started by java in C:\Users\java\Desktop\WorkSpace\Spring\ch10)
2024-03-15T09:43:41.252+09:00  INFO 13136 --- [ch10] [restartedMain] kr.co.ch10.Ch10Application               : No active profile set, falling back to 1 default profile: "default"
2024-03-15T09:43:41.329+09:00  INFO 13136 --- [ch10] [restartedMain] .s.d.r.c.RepositoryConfigurationDelegate : Bootstrapping Spring Data JPA repositories in DEFAULT mode.
2024-03-15T09:43:41.333+09:00  INFO 13136 --- [ch10] [restartedMain] .s.d.r.c.RepositoryConfigurationDelegate : Finished Spring Data repository scanning in 3 ms. Found 1 JPA repository interface.
2024-03-15T09:43:41.375+09:00  INFO 13136 --- [ch10] [restartedMain] o.s.b.w.embedded.tomcat.TomcatWebServer  : Tomcat initialized with port 8080 (http)
2024-03-15T09:43:41.376+09:00  INFO 13136 --- [ch10] [restartedMain] o.apache.catalina.core.StandardService   : Starting service [Tomcat]
2024-03-15T09:43:41.376+09:00  INFO 13136 --- [ch10] [restartedMain] o.apache.catalina.core.StandardEngine    : Starting Servlet engine: [Apache Tomcat/10.1.19]
2024-03-15T09:43:41.384+09:00  INFO 13136 --- [ch10] [restartedMain] o.a.c.c.C.[Tomcat].[localhost].[/ch10]   : Initializing Spring embedded WebApplicationContext
2024-03-15T09:43:41.384+09:00  INFO 13136 --- [ch10] [restartedMain] w.s.c.ServletWebServerApplicationContext : Root WebApplicationContext: initialization completed in 131 ms
2024-03-15T09:43:41.400+09:00  INFO 13136 --- [ch10] [restartedMain] o.hibernate.jpa.internal.util.LogHelper  : HHH000204: Processing PersistenceUnitInfo [name: default]
2024-03-15T09:43:41.402+09:00  INFO 13136 --- [ch10] [restartedMain] o.h.c.internal.RegionFactoryInitiator    : HHH000026: Second-level cache disabled
2024-03-15T09:43:41.404+09:00  INFO 13136 --- [ch10] [restartedMain] o.s.o.j.p.SpringPersistenceUnitInfo      : No LoadTimeWeaver setup: ignoring JPA class transformer
2024-03-15T09:43:41.405+09:00  INFO 13136 --- [ch10] [restartedMain] com.zaxxer.hikari.HikariDataSource       : HikariPool-2 - Starting...
2024-03-15T09:43:41.419+09:00  INFO 13136 --- [ch10] [restartedMain] com.zaxxer.hikari.pool.HikariPool        : HikariPool-2 - Added connection com.mysql.cj.jdbc.ConnectionImpl@2acac295
2024-03-15T09:43:41.419+09:00  INFO 13136 --- [ch10] [restartedMain] com.zaxxer.hikari.HikariDataSource       : HikariPool-2 - Start completed.
2024-03-15T09:43:41.420+09:00  WARN 13136 --- [ch10] [restartedMain] org.hibernate.orm.deprecation            : HHH90000025: MySQLDialect does not need to be specified explicitly using 'hibernate.dialect' (remove the property setting and it will be selected by default)
2024-03-15T09:43:41.436+09:00  INFO 13136 --- [ch10] [restartedMain] o.h.e.t.j.p.i.JtaPlatformInitiator       : HHH000489: No JTA platform available (set 'hibernate.transaction.jta.platform' to enable JTA platform integration)
2024-03-15T09:43:41.443+09:00  INFO 13136 --- [ch10] [restartedMain] j.LocalContainerEntityManagerFactoryBean : Initialized JPA EntityManagerFactory for persistence unit 'default'
2024-03-15T09:43:41.475+09:00  WARN 13136 --- [ch10] [restartedMain] JpaBaseConfiguration$JpaWebConfiguration : spring.jpa.open-in-view is enabled by default. Therefore, database queries may be performed during view rendering. Explicitly configure spring.jpa.open-in-view to disable this warning
2024-03-15T09:43:41.483+09:00  INFO 13136 --- [ch10] [restartedMain] o.s.b.a.w.s.WelcomePageHandlerMapping    : Adding welcome page template: index
2024-03-15T09:43:41.504+09:00  INFO 13136 --- [ch10] [restartedMain] o.s.s.web.DefaultSecurityFilterChain     : Will secure any request with [org.springframework.security.web.session.DisableEncodeUrlFilter@4bffd0d8, org.springframework.security.web.context.request.async.WebAsyncManagerIntegrationFilter@2a020aa7, org.springframework.security.web.context.SecurityContextHolderFilter@2b62335a, org.springframework.security.web.header.HeaderWriterFilter@21a45908, org.springframework.web.filter.CorsFilter@14715445, org.springframework.security.web.authentication.logout.LogoutFilter@54a6a75f, org.springframework.security.web.savedrequest.RequestCacheAwareFilter@280d4327, org.springframework.security.web.servletapi.SecurityContextHolderAwareRequestFilter@479e1d21, org.springframework.security.web.authentication.AnonymousAuthenticationFilter@6afd094d, org.springframework.security.web.session.SessionManagementFilter@1858b301, org.springframework.security.web.access.ExceptionTranslationFilter@69db4a4a, org.springframework.security.web.access.intercept.AuthorizationFilter@25db653b]
2024-03-15T09:43:41.531+09:00  INFO 13136 --- [ch10] [restartedMain] o.s.b.d.a.OptionalLiveReloadServer       : LiveReload server is running on port 35729
2024-03-15T09:43:41.536+09:00  INFO 13136 --- [ch10] [restartedMain] o.s.b.w.embedded.tomcat.TomcatWebServer  : Tomcat started on port 8080 (http) with context path '/ch10'
2024-03-15T09:43:41.537+09:00  INFO 13136 --- [ch10] [restartedMain] kr.co.ch10.Ch10Application               : Started Ch10Application in 0.298 seconds (process running for 563.971)
2024-03-15T09:43:41.538+09:00  INFO 13136 --- [ch10] [restartedMain] .ConditionEvaluationDeltaLoggingListener : Condition evaluation unchanged
2024-03-15T09:44:44.111+09:00  INFO 13136 --- [ch10] [File Watcher] rtingClassPathChangeChangedEventListener : Restarting due to 3 class path changes (3 additions, 0 deletions, 0 modifications)
2024-03-15T09:44:44.119+09:00  INFO 13136 --- [ch10] [Thread-7] j.LocalContainerEntityManagerFactoryBean : Closing JPA EntityManagerFactory for persistence unit 'default'
2024-03-15T09:44:44.119+09:00  INFO 13136 --- [ch10] [Thread-7] com.zaxxer.hikari.HikariDataSource       : HikariPool-2 - Shutdown initiated...
2024-03-15T09:44:44.122+09:00  INFO 13136 --- [ch10] [Thread-7] com.zaxxer.hikari.HikariDataSource       : HikariPool-2 - Shutdown completed.
2024-03-15T09:44:44.164+09:00  INFO 13136 --- [ch10] [restartedMain] kr.co.ch10.Ch10Application               : Starting Ch10Application using Java 21.0.1 with PID 13136 (C:\Users\java\Desktop\WorkSpace\Spring\ch10\build\classes\java\main started by java in C:\Users\java\Desktop\WorkSpace\Spring\ch10)
2024-03-15T09:44:44.164+09:00  INFO 13136 --- [ch10] [restartedMain] kr.co.ch10.Ch10Application               : No active profile set, falling back to 1 default profile: "default"
2024-03-15T09:44:44.237+09:00  INFO 13136 --- [ch10] [restartedMain] .s.d.r.c.RepositoryConfigurationDelegate : Bootstrapping Spring Data JPA repositories in DEFAULT mode.
2024-03-15T09:44:44.240+09:00  INFO 13136 --- [ch10] [restartedMain] .s.d.r.c.RepositoryConfigurationDelegate : Finished Spring Data repository scanning in 3 ms. Found 1 JPA repository interface.
2024-03-15T09:44:44.284+09:00  INFO 13136 --- [ch10] [restartedMain] o.s.b.w.embedded.tomcat.TomcatWebServer  : Tomcat initialized with port 8080 (http)
2024-03-15T09:44:44.284+09:00  INFO 13136 --- [ch10] [restartedMain] o.apache.catalina.core.StandardService   : Starting service [Tomcat]
2024-03-15T09:44:44.284+09:00  INFO 13136 --- [ch10] [restartedMain] o.apache.catalina.core.StandardEngine    : Starting Servlet engine: [Apache Tomcat/10.1.19]
2024-03-15T09:44:44.291+09:00  INFO 13136 --- [ch10] [restartedMain] o.a.c.c.C.[Tomcat].[localhost].[/ch10]   : Initializing Spring embedded WebApplicationContext
2024-03-15T09:44:44.291+09:00  INFO 13136 --- [ch10] [restartedMain] w.s.c.ServletWebServerApplicationContext : Root WebApplicationContext: initialization completed in 126 ms
2024-03-15T09:44:44.307+09:00  INFO 13136 --- [ch10] [restartedMain] o.hibernate.jpa.internal.util.LogHelper  : HHH000204: Processing PersistenceUnitInfo [name: default]
2024-03-15T09:44:44.308+09:00  INFO 13136 --- [ch10] [restartedMain] o.h.c.internal.RegionFactoryInitiator    : HHH000026: Second-level cache disabled
2024-03-15T09:44:44.310+09:00  INFO 13136 --- [ch10] [restartedMain] o.s.o.j.p.SpringPersistenceUnitInfo      : No LoadTimeWeaver setup: ignoring JPA class transformer
2024-03-15T09:44:44.311+09:00  INFO 13136 --- [ch10] [restartedMain] com.zaxxer.hikari.HikariDataSource       : HikariPool-3 - Starting...
2024-03-15T09:44:44.317+09:00  INFO 13136 --- [ch10] [restartedMain] com.zaxxer.hikari.pool.HikariPool        : HikariPool-3 - Added connection com.mysql.cj.jdbc.ConnectionImpl@658f8949
2024-03-15T09:44:44.317+09:00  INFO 13136 --- [ch10] [restartedMain] com.zaxxer.hikari.HikariDataSource       : HikariPool-3 - Start completed.
2024-03-15T09:44:44.318+09:00  WARN 13136 --- [ch10] [restartedMain] org.hibernate.orm.deprecation            : HHH90000025: MySQLDialect does not need to be specified explicitly using 'hibernate.dialect' (remove the property setting and it will be selected by default)
2024-03-15T09:44:44.334+09:00  INFO 13136 --- [ch10] [restartedMain] o.h.e.t.j.p.i.JtaPlatformInitiator       : HHH000489: No JTA platform available (set 'hibernate.transaction.jta.platform' to enable JTA platform integration)
2024-03-15T09:44:44.340+09:00  INFO 13136 --- [ch10] [restartedMain] j.LocalContainerEntityManagerFactoryBean : Initialized JPA EntityManagerFactory for persistence unit 'default'
2024-03-15T09:44:44.371+09:00  WARN 13136 --- [ch10] [restartedMain] JpaBaseConfiguration$JpaWebConfiguration : spring.jpa.open-in-view is enabled by default. Therefore, database queries may be performed during view rendering. Explicitly configure spring.jpa.open-in-view to disable this warning
2024-03-15T09:44:44.379+09:00  INFO 13136 --- [ch10] [restartedMain] o.s.b.a.w.s.WelcomePageHandlerMapping    : Adding welcome page template: index
2024-03-15T09:44:44.398+09:00  INFO 13136 --- [ch10] [restartedMain] o.s.s.web.DefaultSecurityFilterChain     : Will secure any request with [org.springframework.security.web.session.DisableEncodeUrlFilter@45d06854, org.springframework.security.web.context.request.async.WebAsyncManagerIntegrationFilter@62109181, org.springframework.security.web.context.SecurityContextHolderFilter@749032c5, org.springframework.security.web.header.HeaderWriterFilter@49b437b, org.springframework.web.filter.CorsFilter@39890e2f, org.springframework.security.web.authentication.logout.LogoutFilter@2110cee9, org.springframework.security.web.savedrequest.RequestCacheAwareFilter@300831d, org.springframework.security.web.servletapi.SecurityContextHolderAwareRequestFilter@5d5e989d, org.springframework.security.web.authentication.AnonymousAuthenticationFilter@5464d650, org.springframework.security.web.session.SessionManagementFilter@768fe763, org.springframework.security.web.access.ExceptionTranslationFilter@49a7c812, org.springframework.security.web.access.intercept.AuthorizationFilter@fbc5791]
2024-03-15T09:44:44.422+09:00  INFO 13136 --- [ch10] [restartedMain] o.s.b.d.a.OptionalLiveReloadServer       : LiveReload server is running on port 35729
2024-03-15T09:44:44.427+09:00  INFO 13136 --- [ch10] [restartedMain] o.s.b.w.embedded.tomcat.TomcatWebServer  : Tomcat started on port 8080 (http) with context path '/ch10'
2024-03-15T09:44:44.428+09:00  INFO 13136 --- [ch10] [restartedMain] kr.co.ch10.Ch10Application               : Started Ch10Application in 0.277 seconds (process running for 626.861)
2024-03-15T09:44:44.429+09:00  INFO 13136 --- [ch10] [restartedMain] .ConditionEvaluationDeltaLoggingListener : Condition evaluation unchanged
2024-03-15T09:44:55.703+09:00  INFO 13136 --- [ch10] [http-nio-8080-exec-1] o.a.c.c.C.[Tomcat].[localhost].[/ch10]   : Initializing Spring DispatcherServlet 'dispatcherServlet'
2024-03-15T09:44:55.704+09:00  INFO 13136 --- [ch10] [http-nio-8080-exec-1] o.s.web.servlet.DispatcherServlet        : Initializing Servlet 'dispatcherServlet'
2024-03-15T09:44:55.704+09:00  INFO 13136 --- [ch10] [http-nio-8080-exec-1] o.s.web.servlet.DispatcherServlet        : Completed initialization in 0 ms
2024-03-15T09:51:14.193+09:00  INFO 13136 --- [ch10] [File Watcher] rtingClassPathChangeChangedEventListener : Restarting due to 1 class path change (0 additions, 0 deletions, 1 modification)
2024-03-15T09:51:14.200+09:00  INFO 13136 --- [ch10] [Thread-11] j.LocalContainerEntityManagerFactoryBean : Closing JPA EntityManagerFactory for persistence unit 'default'
2024-03-15T09:51:14.200+09:00  INFO 13136 --- [ch10] [Thread-11] com.zaxxer.hikari.HikariDataSource       : HikariPool-3 - Shutdown initiated...
2024-03-15T09:51:14.203+09:00  INFO 13136 --- [ch10] [Thread-11] com.zaxxer.hikari.HikariDataSource       : HikariPool-3 - Shutdown completed.
2024-03-15T09:51:14.244+09:00  INFO 13136 --- [ch10] [restartedMain] kr.co.ch10.Ch10Application               : Starting Ch10Application using Java 21.0.1 with PID 13136 (C:\Users\java\Desktop\WorkSpace\Spring\ch10\build\classes\java\main started by java in C:\Users\java\Desktop\WorkSpace\Spring\ch10)
2024-03-15T09:51:14.244+09:00  INFO 13136 --- [ch10] [restartedMain] kr.co.ch10.Ch10Application               : No active profile set, falling back to 1 default profile: "default"
2024-03-15T09:51:14.314+09:00  INFO 13136 --- [ch10] [restartedMain] .s.d.r.c.RepositoryConfigurationDelegate : Bootstrapping Spring Data JPA repositories in DEFAULT mode.
2024-03-15T09:51:14.317+09:00  INFO 13136 --- [ch10] [restartedMain] .s.d.r.c.RepositoryConfigurationDelegate : Finished Spring Data repository scanning in 3 ms. Found 1 JPA repository interface.
2024-03-15T09:51:14.355+09:00  INFO 13136 --- [ch10] [restartedMain] o.s.b.w.embedded.tomcat.TomcatWebServer  : Tomcat initialized with port 8080 (http)
2024-03-15T09:51:14.356+09:00  INFO 13136 --- [ch10] [restartedMain] o.apache.catalina.core.StandardService   : Starting service [Tomcat]
2024-03-15T09:51:14.356+09:00  INFO 13136 --- [ch10] [restartedMain] o.apache.catalina.core.StandardEngine    : Starting Servlet engine: [Apache Tomcat/10.1.19]
2024-03-15T09:51:14.363+09:00  INFO 13136 --- [ch10] [restartedMain] o.a.c.c.C.[Tomcat].[localhost].[/ch10]   : Initializing Spring embedded WebApplicationContext
2024-03-15T09:51:14.363+09:00  INFO 13136 --- [ch10] [restartedMain] w.s.c.ServletWebServerApplicationContext : Root WebApplicationContext: initialization completed in 118 ms
2024-03-15T09:51:14.378+09:00  INFO 13136 --- [ch10] [restartedMain] o.hibernate.jpa.internal.util.LogHelper  : HHH000204: Processing PersistenceUnitInfo [name: default]
2024-03-15T09:51:14.379+09:00  INFO 13136 --- [ch10] [restartedMain] o.h.c.internal.RegionFactoryInitiator    : HHH000026: Second-level cache disabled
2024-03-15T09:51:14.381+09:00  INFO 13136 --- [ch10] [restartedMain] o.s.o.j.p.SpringPersistenceUnitInfo      : No LoadTimeWeaver setup: ignoring JPA class transformer
2024-03-15T09:51:14.382+09:00  INFO 13136 --- [ch10] [restartedMain] com.zaxxer.hikari.HikariDataSource       : HikariPool-4 - Starting...
2024-03-15T09:51:14.388+09:00  INFO 13136 --- [ch10] [restartedMain] com.zaxxer.hikari.pool.HikariPool        : HikariPool-4 - Added connection com.mysql.cj.jdbc.ConnectionImpl@293de1c4
2024-03-15T09:51:14.388+09:00  INFO 13136 --- [ch10] [restartedMain] com.zaxxer.hikari.HikariDataSource       : HikariPool-4 - Start completed.
2024-03-15T09:51:14.388+09:00  WARN 13136 --- [ch10] [restartedMain] org.hibernate.orm.deprecation            : HHH90000025: MySQLDialect does not need to be specified explicitly using 'hibernate.dialect' (remove the property setting and it will be selected by default)
2024-03-15T09:51:14.404+09:00  INFO 13136 --- [ch10] [restartedMain] o.h.e.t.j.p.i.JtaPlatformInitiator       : HHH000489: No JTA platform available (set 'hibernate.transaction.jta.platform' to enable JTA platform integration)
2024-03-15T09:51:14.410+09:00  INFO 13136 --- [ch10] [restartedMain] j.LocalContainerEntityManagerFactoryBean : Initialized JPA EntityManagerFactory for persistence unit 'default'
2024-03-15T09:51:14.414+09:00  WARN 13136 --- [ch10] [restartedMain] ConfigServletWebServerApplicationContext : Exception encountered during context initialization - cancelling refresh attempt: org.springframework.beans.factory.UnsatisfiedDependencyException: Error creating bean with name 'jwtProvider' defined in file [C:\Users\java\Desktop\WorkSpace\Spring\ch10\build\classes\java\main\kr\co\ch10\jwt\JwtProvider.class]: Unsatisfied dependency expressed through constructor parameter 0: No qualifying bean of type 'java.lang.String' available: expected at least 1 bean which qualifies as autowire candidate. Dependency annotations: {}
2024-03-15T09:51:14.414+09:00  INFO 13136 --- [ch10] [restartedMain] j.LocalContainerEntityManagerFactoryBean : Closing JPA EntityManagerFactory for persistence unit 'default'
2024-03-15T09:51:14.415+09:00  INFO 13136 --- [ch10] [restartedMain] com.zaxxer.hikari.HikariDataSource       : HikariPool-4 - Shutdown initiated...
2024-03-15T09:51:14.415+09:00  INFO 13136 --- [ch10] [restartedMain] com.zaxxer.hikari.HikariDataSource       : HikariPool-4 - Shutdown completed.
2024-03-15T09:51:14.415+09:00  INFO 13136 --- [ch10] [restartedMain] o.apache.catalina.core.StandardService   : Stopping service [Tomcat]
2024-03-15T09:51:14.418+09:00  INFO 13136 --- [ch10] [restartedMain] .s.b.a.l.ConditionEvaluationReportLogger : 

Error starting ApplicationContext. To display the condition evaluation report re-run your application with 'debug' enabled.
2024-03-15T09:51:14.429+09:00 ERROR 13136 --- [ch10] [restartedMain] o.s.b.d.LoggingFailureAnalysisReporter   : 

***************************
APPLICATION FAILED TO START
***************************

Description:

Parameter 0 of constructor in kr.co.ch10.jwt.JwtProvider required a bean of type 'java.lang.String' that could not be found.


Action:

Consider defining a bean of type 'java.lang.String' in your configuration.

