2024-03-17T19:04:23.010+09:00  INFO 15728 --- [ch08] [restartedMain] kr.co.ch08.Ch08Application               : Starting Ch08Application using Java 21.0.2 with PID 15728 (C:\Users\ksgg1\OneDrive\바탕 화면\Workspace\Spring\ch08\build\classes\java\main started by ksgg1 in C:\Users\ksgg1\OneDrive\바탕 화면\Workspace\Spring\ch08)
2024-03-17T19:04:23.029+09:00  INFO 15728 --- [ch08] [restartedMain] kr.co.ch08.Ch08Application               : No active profile set, falling back to 1 default profile: "default"
2024-03-17T19:04:23.074+09:00  INFO 15728 --- [ch08] [restartedMain] .e.DevToolsPropertyDefaultsPostProcessor : Devtools property defaults active! Set 'spring.devtools.add-properties' to 'false' to disable
2024-03-17T19:04:23.075+09:00  INFO 15728 --- [ch08] [restartedMain] .e.DevToolsPropertyDefaultsPostProcessor : For additional web related logging consider setting the 'logging.level.web' property to 'DEBUG'
2024-03-17T19:04:23.674+09:00  INFO 15728 --- [ch08] [restartedMain] .s.d.r.c.RepositoryConfigurationDelegate : Bootstrapping Spring Data JPA repositories in DEFAULT mode.
2024-03-17T19:04:23.706+09:00  INFO 15728 --- [ch08] [restartedMain] .s.d.r.c.RepositoryConfigurationDelegate : Finished Spring Data repository scanning in 27 ms. Found 1 JPA repository interface.
2024-03-17T19:04:23.806+09:00  WARN 15728 --- [ch08] [restartedMain] o.m.s.mapper.ClassPathMapperScanner      : No MyBatis mapper was found in '[kr.co.ch08]' package. Please check your configuration.
2024-03-17T19:04:24.154+09:00  INFO 15728 --- [ch08] [restartedMain] o.s.b.w.embedded.tomcat.TomcatWebServer  : Tomcat initialized with port 8080 (http)
2024-03-17T19:04:24.164+09:00  INFO 15728 --- [ch08] [restartedMain] o.apache.catalina.core.StandardService   : Starting service [Tomcat]
2024-03-17T19:04:24.164+09:00  INFO 15728 --- [ch08] [restartedMain] o.apache.catalina.core.StandardEngine    : Starting Servlet engine: [Apache Tomcat/10.1.19]
2024-03-17T19:04:24.199+09:00  INFO 15728 --- [ch08] [restartedMain] o.a.c.c.C.[Tomcat].[localhost].[/ch08]   : Initializing Spring embedded WebApplicationContext
2024-03-17T19:04:24.199+09:00  INFO 15728 --- [ch08] [restartedMain] w.s.c.ServletWebServerApplicationContext : Root WebApplicationContext: initialization completed in 1124 ms
2024-03-17T19:04:24.300+09:00  INFO 15728 --- [ch08] [restartedMain] o.hibernate.jpa.internal.util.LogHelper  : HHH000204: Processing PersistenceUnitInfo [name: default]
2024-03-17T19:04:24.328+09:00  INFO 15728 --- [ch08] [restartedMain] org.hibernate.Version                    : HHH000412: Hibernate ORM core version 6.4.4.Final
2024-03-17T19:04:24.345+09:00  INFO 15728 --- [ch08] [restartedMain] o.h.c.internal.RegionFactoryInitiator    : HHH000026: Second-level cache disabled
2024-03-17T19:04:24.514+09:00  INFO 15728 --- [ch08] [restartedMain] o.s.o.j.p.SpringPersistenceUnitInfo      : No LoadTimeWeaver setup: ignoring JPA class transformer
2024-03-17T19:04:24.534+09:00  INFO 15728 --- [ch08] [restartedMain] com.zaxxer.hikari.HikariDataSource       : HikariPool-1 - Starting...
2024-03-17T19:04:24.734+09:00  INFO 15728 --- [ch08] [restartedMain] com.zaxxer.hikari.pool.HikariPool        : HikariPool-1 - Added connection com.mysql.cj.jdbc.ConnectionImpl@40da3c99
2024-03-17T19:04:24.735+09:00  INFO 15728 --- [ch08] [restartedMain] com.zaxxer.hikari.HikariDataSource       : HikariPool-1 - Start completed.
2024-03-17T19:04:24.767+09:00  WARN 15728 --- [ch08] [restartedMain] org.hibernate.orm.deprecation            : HHH90000025: MySQLDialect does not need to be specified explicitly using 'hibernate.dialect' (remove the property setting and it will be selected by default)
2024-03-17T19:04:25.310+09:00  INFO 15728 --- [ch08] [restartedMain] o.h.e.t.j.p.i.JtaPlatformInitiator       : HHH000489: No JTA platform available (set 'hibernate.transaction.jta.platform' to enable JTA platform integration)
2024-03-17T19:04:25.345+09:00  INFO 15728 --- [ch08] [restartedMain] j.LocalContainerEntityManagerFactoryBean : Initialized JPA EntityManagerFactory for persistence unit 'default'
2024-03-17T19:04:25.585+09:00  WARN 15728 --- [ch08] [restartedMain] JpaBaseConfiguration$JpaWebConfiguration : spring.jpa.open-in-view is enabled by default. Therefore, database queries may be performed during view rendering. Explicitly configure spring.jpa.open-in-view to disable this warning
2024-03-17T19:04:25.744+09:00  INFO 15728 --- [ch08] [restartedMain] o.s.b.a.w.s.WelcomePageHandlerMapping    : Adding welcome page template: index
2024-03-17T19:04:25.902+09:00  INFO 15728 --- [ch08] [restartedMain] o.s.s.web.DefaultSecurityFilterChain     : Will secure any request with [org.springframework.security.web.session.DisableEncodeUrlFilter@67300884, org.springframework.security.web.context.request.async.WebAsyncManagerIntegrationFilter@23165d3f, org.springframework.security.web.context.SecurityContextHolderFilter@76123816, org.springframework.security.web.header.HeaderWriterFilter@19b21c7c, org.springframework.web.filter.CorsFilter@102e79f3, org.springframework.security.web.authentication.logout.LogoutFilter@12f9334d, org.springframework.security.web.authentication.UsernamePasswordAuthenticationFilter@1ef285cd, org.springframework.security.web.savedrequest.RequestCacheAwareFilter@599a5c9d, org.springframework.security.web.servletapi.SecurityContextHolderAwareRequestFilter@69e51291, org.springframework.security.web.authentication.AnonymousAuthenticationFilter@7998f22a, org.springframework.security.web.access.ExceptionTranslationFilter@6c172348, org.springframework.security.web.access.intercept.AuthorizationFilter@28bd8be6]
2024-03-17T19:04:26.215+09:00  INFO 15728 --- [ch08] [restartedMain] o.s.b.d.a.OptionalLiveReloadServer       : LiveReload server is running on port 35729
2024-03-17T19:04:26.255+09:00  INFO 15728 --- [ch08] [restartedMain] o.s.b.w.embedded.tomcat.TomcatWebServer  : Tomcat started on port 8080 (http) with context path '/ch08'
2024-03-17T19:04:26.263+09:00  INFO 15728 --- [ch08] [restartedMain] kr.co.ch08.Ch08Application               : Started Ch08Application in 3.666 seconds (process running for 4.429)
2024-03-17T19:04:26.344+09:00  INFO 15728 --- [ch08] [http-nio-8080-exec-2] o.a.c.c.C.[Tomcat].[localhost].[/ch08]   : Initializing Spring DispatcherServlet 'dispatcherServlet'
2024-03-17T19:04:26.344+09:00  INFO 15728 --- [ch08] [http-nio-8080-exec-2] o.s.web.servlet.DispatcherServlet        : Initializing Servlet 'dispatcherServlet'
2024-03-17T19:04:26.345+09:00  INFO 15728 --- [ch08] [http-nio-8080-exec-2] o.s.web.servlet.DispatcherServlet        : Completed initialization in 1 ms
2024-03-17T19:23:14.199+09:00  INFO 15728 --- [ch08] [SpringApplicationShutdownHook] j.LocalContainerEntityManagerFactoryBean : Closing JPA EntityManagerFactory for persistence unit 'default'
2024-03-17T19:23:14.202+09:00  INFO 15728 --- [ch08] [SpringApplicationShutdownHook] com.zaxxer.hikari.HikariDataSource       : HikariPool-1 - Shutdown initiated...
2024-03-17T19:23:14.214+09:00  INFO 15728 --- [ch08] [SpringApplicationShutdownHook] com.zaxxer.hikari.HikariDataSource       : HikariPool-1 - Shutdown completed.
